<?xml version="1.0" encoding="UTF-8"?>
<robot generator="Robot 4.1.3 (Python 3.8.10 on linux)" generated="20220317 00:00:29.424" rpa="false" schemaversion="2">
<suite id="s1" name="Kabum Testes" source="/home/lucas/Área de Trabalho/RobotFramework/WebTesting/kabum_testes.robot">
<test id="s1-t1" name="Caso de Teste 01 - Acesso ao menu &quot;Destaques&quot;">
<kw name="Abrir o navegador" library="kabum_resources" type="SETUP">
<kw name="Open Browser" library="SeleniumLibrary">
<arg>browser=${BROWSER}</arg>
<doc>Opens a new browser instance to the optional ``url``.</doc>
<msg timestamp="20220317 00:00:29.566" level="INFO">Opening browser 'chrome' to base url 'None'.</msg>
<status status="PASS" starttime="20220317 00:00:29.565" endtime="20220317 00:00:30.500"/>
</kw>
<kw name="Maximize Browser Window" library="SeleniumLibrary">
<doc>Maximizes current browser window.</doc>
<status status="PASS" starttime="20220317 00:00:30.500" endtime="20220317 00:00:30.604"/>
</kw>
<status status="PASS" starttime="20220317 00:00:29.565" endtime="20220317 00:00:30.604"/>
</kw>
<kw name="Acessar a home page do site Kabum.com.br" library="kabum_resources">
<kw name="Go To" library="SeleniumLibrary">
<arg>url=${URL}</arg>
<doc>Navigates the current browser window to the provided ``url``.</doc>
<msg timestamp="20220317 00:00:30.606" level="INFO">Opening url 'https://www.kabum.com.br'</msg>
<status status="PASS" starttime="20220317 00:00:30.605" endtime="20220317 00:00:33.168"/>
</kw>
<kw name="Wait Until Element Is Visible" library="SeleniumLibrary">
<arg>locator=${MENU_DESTAQUES}</arg>
<doc>Waits until the element ``locator`` is visible.</doc>
<status status="PASS" starttime="20220317 00:00:33.169" endtime="20220317 00:00:33.202"/>
</kw>
<status status="PASS" starttime="20220317 00:00:30.605" endtime="20220317 00:00:33.203"/>
</kw>
<kw name="Entrar no menu &quot;Destaques&quot;" library="kabum_resources">
<kw name="Click Element" library="SeleniumLibrary">
<arg>locator=${MENU_DESTAQUES}</arg>
<doc>Click the element identified by ``locator``.</doc>
<msg timestamp="20220317 00:00:33.204" level="INFO">Clicking element '//a[contains(.,'DESTAQUES')]'.</msg>
<status status="PASS" starttime="20220317 00:00:33.203" endtime="20220317 00:00:34.839"/>
</kw>
<status status="PASS" starttime="20220317 00:00:33.203" endtime="20220317 00:00:34.840"/>
</kw>
<kw name="Verificar se o título da página fica &quot;KaBuM! | Maior E-commerce de Tecnologia e Games da América Latina&quot;" library="kabum_resources" sourcename="Verificar se o título da página fica &quot;${TITULO}&quot;">
<kw name="Title Should Be" library="SeleniumLibrary">
<arg>title=${TITULO}</arg>
<doc>Verifies that the current page title equals ``title``.</doc>
<msg timestamp="20220317 00:00:34.911" level="INFO">Page title is 'KaBuM! | Maior E-commerce de Tecnologia e Games da América Latina'.</msg>
<status status="PASS" starttime="20220317 00:00:34.841" endtime="20220317 00:00:34.911"/>
</kw>
<status status="PASS" starttime="20220317 00:00:34.840" endtime="20220317 00:00:34.912"/>
</kw>
<kw name="Verificar se aparece o header &quot;Destaques&quot;" library="kabum_resources" sourcename="Verificar se aparece o header &quot;${TEXT_HEADER_DESTAQUES}&quot;">
<kw name="Wait Until Page Contains" library="SeleniumLibrary">
<arg>text=${TEXT_HEADER_DESTAQUES}</arg>
<doc>Waits until ``text`` appears on the current page.</doc>
<status status="PASS" starttime="20220317 00:00:34.912" endtime="20220317 00:00:34.934"/>
</kw>
<kw name="Wait Until Element Is Visible" library="SeleniumLibrary">
<arg>locator=${HEADER_DESTAQUES}</arg>
<doc>Waits until the element ``locator`` is visible.</doc>
<status status="PASS" starttime="20220317 00:00:34.934" endtime="20220317 00:00:34.961"/>
</kw>
<status status="PASS" starttime="20220317 00:00:34.912" endtime="20220317 00:00:34.961"/>
</kw>
<kw name="Verificar se aparece a categoria &quot;Automação&quot;" library="kabum_resources">
<kw name="Wait Until Element Is Visible" library="SeleniumLibrary">
<arg>locator=${CATEGORIA_AUTOMACAO}</arg>
<doc>Waits until the element ``locator`` is visible.</doc>
<status status="PASS" starttime="20220317 00:00:34.962" endtime="20220317 00:00:34.985"/>
</kw>
<kw name="Click Element" library="SeleniumLibrary">
<arg>locator=${CATEGORIA_AUTOMACAO}</arg>
<doc>Click the element identified by ``locator``.</doc>
<msg timestamp="20220317 00:00:34.985" level="INFO">Clicking element '//a[contains(.,'Automação')]'.</msg>
<status status="PASS" starttime="20220317 00:00:34.985" endtime="20220317 00:00:36.636"/>
</kw>
<status status="PASS" starttime="20220317 00:00:34.961" endtime="20220317 00:00:36.636"/>
</kw>
<kw name="Fechar o navegador" library="kabum_resources" type="TEARDOWN">
<kw name="Capture Page Screenshot" library="SeleniumLibrary">
<doc>Takes a screenshot of the current page and embeds it into a log file.</doc>
<msg timestamp="20220317 00:00:37.038" level="INFO" html="true">&lt;/td&gt;&lt;/tr&gt;&lt;tr&gt;&lt;td colspan="3"&gt;&lt;a href="selenium-screenshot-1.png"&gt;&lt;img src="selenium-screenshot-1.png" width="800px"&gt;&lt;/a&gt;</msg>
<status status="PASS" starttime="20220317 00:00:36.637" endtime="20220317 00:00:37.038"/>
</kw>
<kw name="Close Browser" library="SeleniumLibrary">
<doc>Closes the current browser.</doc>
<status status="PASS" starttime="20220317 00:00:37.038" endtime="20220317 00:00:37.099"/>
</kw>
<status status="PASS" starttime="20220317 00:00:36.637" endtime="20220317 00:00:37.099"/>
</kw>
<doc>Esse teste verifica o menu destaques do site da Kabum
E verifica a categoria de Automação</doc>
<tag>categorias</tag>
<tag>menus</tag>
<status status="PASS" starttime="20220317 00:00:29.564" endtime="20220317 00:00:37.099"/>
</test>
<test id="s1-t2" name="Caso de Teste 02 - Pesquisa de um Produto">
<kw name="Abrir o navegador" library="kabum_resources" type="SETUP">
<kw name="Open Browser" library="SeleniumLibrary">
<arg>browser=${BROWSER}</arg>
<doc>Opens a new browser instance to the optional ``url``.</doc>
<msg timestamp="20220317 00:00:37.101" level="INFO">Opening browser 'chrome' to base url 'None'.</msg>
<status status="PASS" starttime="20220317 00:00:37.101" endtime="20220317 00:00:38.067"/>
</kw>
<kw name="Maximize Browser Window" library="SeleniumLibrary">
<doc>Maximizes current browser window.</doc>
<status status="PASS" starttime="20220317 00:00:38.067" endtime="20220317 00:00:38.175"/>
</kw>
<status status="PASS" starttime="20220317 00:00:37.101" endtime="20220317 00:00:38.176"/>
</kw>
<kw name="Acessar a home page do site Kabum.com.br" library="kabum_resources">
<kw name="Go To" library="SeleniumLibrary">
<arg>url=${URL}</arg>
<doc>Navigates the current browser window to the provided ``url``.</doc>
<msg timestamp="20220317 00:00:38.182" level="INFO">Opening url 'https://www.kabum.com.br'</msg>
<status status="PASS" starttime="20220317 00:00:38.179" endtime="20220317 00:00:40.437"/>
</kw>
<kw name="Wait Until Element Is Visible" library="SeleniumLibrary">
<arg>locator=${MENU_DESTAQUES}</arg>
<doc>Waits until the element ``locator`` is visible.</doc>
<status status="PASS" starttime="20220317 00:00:40.437" endtime="20220317 00:00:40.465"/>
</kw>
<status status="PASS" starttime="20220317 00:00:38.177" endtime="20220317 00:00:40.465"/>
</kw>
<kw name="Digitar o nome de produto &quot;Xbox Series S&quot; no campo de pesquisa" library="kabum_resources" sourcename="Digitar o nome de produto &quot;${NOME_PRODUTO}&quot; no campo de pesquisa">
<kw name="Input Text" library="SeleniumLibrary">
<arg>locator=input-busca</arg>
<arg>text=${NOME_PRODUTO}</arg>
<doc>Types the given ``text`` into the text field identified by ``locator``.</doc>
<msg timestamp="20220317 00:00:40.466" level="INFO">Typing text 'Xbox Series S' into text field 'input-busca'.</msg>
<status status="PASS" starttime="20220317 00:00:40.466" endtime="20220317 00:00:40.670"/>
</kw>
<status status="PASS" starttime="20220317 00:00:40.465" endtime="20220317 00:00:40.671"/>
</kw>
<kw name="Clicar no botão de pesquisa" library="kabum_resources">
<kw name="Press Keys" library="SeleniumLibrary">
<arg>None</arg>
<arg>ENTER</arg>
<doc>Simulates the user pressing key(s) to an element or on the active browser.</doc>
<msg timestamp="20220317 00:00:40.674" level="INFO">Sending key(s) ('ENTER',) to page.</msg>
<msg timestamp="20220317 00:00:40.675" level="INFO">Pressing special key ENTER to browser.</msg>
<msg timestamp="20220317 00:00:40.675" level="INFO">Releasing special key ENTER.</msg>
<status status="PASS" starttime="20220317 00:00:40.672" endtime="20220317 00:00:41.950"/>
</kw>
<status status="PASS" starttime="20220317 00:00:40.671" endtime="20220317 00:00:41.951"/>
</kw>
<kw name="Verifica o resultado da pesquisa se está listando o produto &quot;Console Microsoft Xbox Series S, 512GB, Branco - RRS-00006&quot;" library="kabum_resources" sourcename="Verifica o resultado da pesquisa se está listando o produto &quot;${VERIFICA_PRODUTO}&quot;">
<kw name="Wait Until Element Is Visible" library="SeleniumLibrary">
<arg>locator=//h2[@height='54'][contains(.,'${VERIFICA_PRODUTO}')]</arg>
<doc>Waits until the element ``locator`` is visible.</doc>
<status status="PASS" starttime="20220317 00:00:41.955" endtime="20220317 00:00:42.029"/>
</kw>
<status status="PASS" starttime="20220317 00:00:41.953" endtime="20220317 00:00:42.030"/>
</kw>
<kw name="Fechar o navegador" library="kabum_resources" type="TEARDOWN">
<kw name="Capture Page Screenshot" library="SeleniumLibrary">
<doc>Takes a screenshot of the current page and embeds it into a log file.</doc>
<msg timestamp="20220317 00:00:42.501" level="INFO" html="true">&lt;/td&gt;&lt;/tr&gt;&lt;tr&gt;&lt;td colspan="3"&gt;&lt;a href="selenium-screenshot-2.png"&gt;&lt;img src="selenium-screenshot-2.png" width="800px"&gt;&lt;/a&gt;</msg>
<status status="PASS" starttime="20220317 00:00:42.031" endtime="20220317 00:00:42.501"/>
</kw>
<kw name="Close Browser" library="SeleniumLibrary">
<doc>Closes the current browser.</doc>
<status status="PASS" starttime="20220317 00:00:42.501" endtime="20220317 00:00:42.561"/>
</kw>
<status status="PASS" starttime="20220317 00:00:42.030" endtime="20220317 00:00:42.561"/>
</kw>
<doc>Esse teste verifica a busca de um produto</doc>
<tag>busca_produtos</tag>
<tag>lista_busca</tag>
<status status="PASS" starttime="20220317 00:00:37.100" endtime="20220317 00:00:42.561"/>
</test>
<doc>Essa Suite, testa o site da Kabum</doc>
<status status="PASS" starttime="20220317 00:00:29.425" endtime="20220317 00:00:42.562"/>
</suite>
<statistics>
<total>
<stat pass="2" fail="0" skip="0">All Tests</stat>
</total>
<tag>
<stat pass="1" fail="0" skip="0">busca_produtos</stat>
<stat pass="1" fail="0" skip="0">categorias</stat>
<stat pass="1" fail="0" skip="0">lista_busca</stat>
<stat pass="1" fail="0" skip="0">menus</stat>
</tag>
<suite>
<stat pass="2" fail="0" skip="0" id="s1" name="Kabum Testes">Kabum Testes</stat>
</suite>
</statistics>
<errors>
</errors>
</robot>
